mode: set
greenbone-case-study/database/db.go:14.18,19.16 2 0
greenbone-case-study/database/db.go:19.16,21.3 1 0
greenbone-case-study/database/db.go:23.2,24.15 2 0
greenbone-case-study/database/db.go:27.35,32.16 2 0
greenbone-case-study/database/db.go:32.16,34.3 1 0
greenbone-case-study/database/db.go:35.2,36.17 2 0
greenbone-case-study/main.go:12.13,21.2 5 0
greenbone-case-study/routes/route.go:11.34,12.40 1 0
greenbone-case-study/routes/route.go:12.40,14.3 1 0
greenbone-case-study/routes/route.go:16.2,16.46 1 0
greenbone-case-study/routes/route.go:16.46,18.3 1 0
greenbone-case-study/routes/route.go:19.2,21.53 3 0
greenbone-case-study/models/computer.go:17.36,18.69 1 0
greenbone-case-study/models/computer.go:18.69,20.3 1 0
greenbone-case-study/models/computer.go:21.2,21.13 1 0
greenbone-case-study/models/computer.go:24.58,28.15 3 0
greenbone-case-study/models/computer.go:28.15,30.3 1 0
greenbone-case-study/models/computer.go:32.2,33.15 2 0
greenbone-case-study/models/computer.go:33.15,35.3 1 0
greenbone-case-study/models/computer.go:37.2,37.12 1 0
greenbone-case-study/database/db.go:14.18,19.16 2 0
greenbone-case-study/database/db.go:19.16,21.3 1 0
greenbone-case-study/database/db.go:23.2,24.15 2 0
greenbone-case-study/database/db.go:27.35,32.16 2 1
greenbone-case-study/database/db.go:32.16,34.3 1 0
greenbone-case-study/database/db.go:35.2,36.17 2 1
greenbone-case-study/handlers/computer.go:11.41,14.48 2 1
greenbone-case-study/handlers/computer.go:14.48,18.3 1 1
greenbone-case-study/handlers/computer.go:20.2,20.26 1 1
greenbone-case-study/handlers/computer.go:20.26,24.3 1 1
greenbone-case-study/handlers/computer.go:26.2,27.16 2 1
greenbone-case-study/handlers/computer.go:27.16,28.50 1 1
greenbone-case-study/handlers/computer.go:28.50,32.4 1 1
greenbone-case-study/handlers/computer.go:34.3,36.5 1 1
greenbone-case-study/handlers/computer.go:39.2,39.53 1 1
greenbone-case-study/handlers/computer.go:42.42,47.16 4 1
greenbone-case-study/handlers/computer.go:47.16,48.40 1 1
greenbone-case-study/handlers/computer.go:48.40,52.4 1 1
greenbone-case-study/handlers/computer.go:55.2,55.48 1 1
greenbone-case-study/handlers/computer.go:58.42,71.2 5 1
greenbone-case-study/models/computer.go:17.36,18.69 1 1
greenbone-case-study/models/computer.go:18.69,20.3 1 1
greenbone-case-study/models/computer.go:21.2,21.13 1 1
greenbone-case-study/models/computer.go:24.58,28.15 3 1
greenbone-case-study/models/computer.go:28.15,30.3 1 1
greenbone-case-study/models/computer.go:32.2,33.15 2 1
greenbone-case-study/models/computer.go:33.15,35.3 1 1
greenbone-case-study/models/computer.go:37.2,37.12 1 1
